[     103ms] [INFO] %cDownload the React DevTools for a better development experience: https://reactjs.org/link/react-devtools font-weight:bold @ http://localhost:8000/node_modules/.vite/deps/react-dom_client.js?v=1cd94e85:21548
[     120ms] ReferenceError: React is not defined
    at App (http://localhost:8000/src/App.jsx?t=1775106049856:54:3)
    at renderWithHooks (http://localhost:8000/node_modules/.vite/deps/react-dom_client.js?v=1cd94e85:11546:26)
    at mountIndeterminateComponent (http://localhost:8000/node_modules/.vite/deps/react-dom_client.js?v=1cd94e85:14924:21)
    at beginWork (http://localhost:8000/node_modules/.vite/deps/react-dom_client.js?v=1cd94e85:15912:22)
    at HTMLUnknownElement.callCallback2 (http://localhost:8000/node_modules/.vite/deps/react-dom_client.js?v=1cd94e85:3672:22)
    at Object.invokeGuardedCallbackDev (http://localhost:8000/node_modules/.vite/deps/react-dom_client.js?v=1cd94e85:3697:24)
    at invokeGuardedCallback (http://localhost:8000/node_modules/.vite/deps/react-dom_client.js?v=1cd94e85:3731:39)
    at beginWork$1 (http://localhost:8000/node_modules/.vite/deps/react-dom_client.js?v=1cd94e85:19763:15)
    at performUnitOfWork (http://localhost:8000/node_modules/.vite/deps/react-dom_client.js?v=1cd94e85:19199:20)
    at workLoopSync (http://localhost:8000/node_modules/.vite/deps/react-dom_client.js?v=1cd94e85:19135:13)
[     121ms] ReferenceError: React is not defined
    at App (http://localhost:8000/src/App.jsx?t=1775106049856:54:3)
    at renderWithHooks (http://localhost:8000/node_modules/.vite/deps/react-dom_client.js?v=1cd94e85:11546:26)
    at mountIndeterminateComponent (http://localhost:8000/node_modules/.vite/deps/react-dom_client.js?v=1cd94e85:14924:21)
    at beginWork (http://localhost:8000/node_modules/.vite/deps/react-dom_client.js?v=1cd94e85:15912:22)
    at HTMLUnknownElement.callCallback2 (http://localhost:8000/node_modules/.vite/deps/react-dom_client.js?v=1cd94e85:3672:22)
    at Object.invokeGuardedCallbackDev (http://localhost:8000/node_modules/.vite/deps/react-dom_client.js?v=1cd94e85:3697:24)
    at invokeGuardedCallback (http://localhost:8000/node_modules/.vite/deps/react-dom_client.js?v=1cd94e85:3731:39)
    at beginWork$1 (http://localhost:8000/node_modules/.vite/deps/react-dom_client.js?v=1cd94e85:19763:15)
    at performUnitOfWork (http://localhost:8000/node_modules/.vite/deps/react-dom_client.js?v=1cd94e85:19199:20)
    at workLoopSync (http://localhost:8000/node_modules/.vite/deps/react-dom_client.js?v=1cd94e85:19135:13)
[     122ms] [ERROR] The above error occurred in the <App> component:

    at App (http://localhost:8000/src/App.jsx?t=1775106049856:54:3)

Consider adding an error boundary to your tree to customize error handling behavior.
Visit https://reactjs.org/link/error-boundaries to learn more about error boundaries. @ http://localhost:8000/node_modules/.vite/deps/react-dom_client.js?v=1cd94e85:14029
[     123ms] ReferenceError: React is not defined
    at App (http://localhost:8000/src/App.jsx?t=1775106049856:54:3)
    at renderWithHooks (http://localhost:8000/node_modules/.vite/deps/react-dom_client.js?v=1cd94e85:11546:26)
    at mountIndeterminateComponent (http://localhost:8000/node_modules/.vite/deps/react-dom_client.js?v=1cd94e85:14924:21)
    at beginWork (http://localhost:8000/node_modules/.vite/deps/react-dom_client.js?v=1cd94e85:15912:22)
    at beginWork$1 (http://localhost:8000/node_modules/.vite/deps/react-dom_client.js?v=1cd94e85:19751:22)
    at performUnitOfWork (http://localhost:8000/node_modules/.vite/deps/react-dom_client.js?v=1cd94e85:19199:20)
    at workLoopSync (http://localhost:8000/node_modules/.vite/deps/react-dom_client.js?v=1cd94e85:19135:13)
    at renderRootSync (http://localhost:8000/node_modules/.vite/deps/react-dom_client.js?v=1cd94e85:19114:15)
    at recoverFromConcurrentError (http://localhost:8000/node_modules/.vite/deps/react-dom_client.js?v=1cd94e85:18734:28)
    at performConcurrentWorkOnRoot (http://localhost:8000/node_modules/.vite/deps/react-dom_client.js?v=1cd94e85:18682:30)
[     126ms] [ERROR] Failed to load resource: the server responded with a status of 404 (Not Found) @ http://localhost:8000/favicon.ico:0
[    9710ms] [INFO] %cDownload the React DevTools for a better development experience: https://reactjs.org/link/react-devtools font-weight:bold @ http://localhost:8000/node_modules/.vite/deps/react-dom_client.js?v=1cd94e85:21548
